--
-- PostgreSQL database dump
--

-- Dumped from database version 11.6 (Ubuntu 11.6-1.pgdg18.04+1)
-- Dumped by pg_dump version 11.6 (Ubuntu 11.6-1.pgdg18.04+1)

SET statement_timeout = 0;
SET lock_timeout = 0;
SET idle_in_transaction_session_timeout = 0;
SET client_encoding = 'UTF8';
SET standard_conforming_strings = on;
SELECT pg_catalog.set_config('search_path', '', false);
SET check_function_bodies = false;
SET xmloption = content;
SET client_min_messages = warning;
SET row_security = off;

SET default_tablespace = '';

SET default_with_oids = false;

--
-- Name: etc_journey_type_master; Type: TABLE; Schema: public; Owner: perseuspay
--

CREATE TABLE etc_journey_type_master (
    id integer NOT NULL,
    value character varying(20)
);


ALTER TABLE etc_journey_type_master OWNER TO perseuspay;

--
-- Name: journey_type_master_id_seq; Type: SEQUENCE; Schema: public; Owner: perseuspay
--

ALTER TABLE etc_journey_type_master ALTER COLUMN id ADD GENERATED BY DEFAULT AS IDENTITY (
    SEQUENCE NAME journey_type_master_id_seq
    START WITH 1
    INCREMENT BY 1
    NO MINVALUE
    NO MAXVALUE
    CACHE 1
);


--
-- Data for Name: etc_journey_type_master; Type: TABLE DATA; Schema: public; Owner: perseuspay
--

INSERT INTO etc_journey_type_master (id, value) VALUES (1, 'single');
INSERT INTO etc_journey_type_master (id, value) VALUES (2, 'return');
INSERT INTO etc_journey_type_master (id, value) VALUES (3, 'monthly');
INSERT INTO etc_journey_type_master (id, value) VALUES (4, 'commercial_vehicle');
INSERT INTO etc_journey_type_master (id, value) VALUES (5, 'others');


--
-- Name: journey_type_master_id_seq; Type: SEQUENCE SET; Schema: public; Owner: perseuspay
--

SELECT pg_catalog.setval('journey_type_master_id_seq', 1, false);


--
-- Name: etc_journey_type_master pk__journey_type_master; Type: CONSTRAINT; Schema: public; Owner: perseuspay
--

ALTER TABLE ONLY etc_journey_type_master
    ADD CONSTRAINT pk__journey_type_master PRIMARY KEY (id);


--
-- PostgreSQL database dump complete
--
